2025-11-08T00:10:34.737+05:30  INFO 19576 --- [BankingManagement-api] [main] c.b.B.BankingManagementApiApplication    : Starting BankingManagementApiApplication using Java 21.0.8 with PID 19576 (D:\Banking Management Aj=pi\BankingManagement-api\build\classes\java\main started by DELL in D:\Banking Management Aj=pi\BankingManagement-api)
2025-11-08T00:10:34.749+05:30  INFO 19576 --- [BankingManagement-api] [main] c.b.B.BankingManagementApiApplication    : The following 1 profile is active: "sit"
2025-11-08T00:10:37.412+05:30  INFO 19576 --- [BankingManagement-api] [main] .s.d.r.c.RepositoryConfigurationDelegate : Multiple Spring Data modules found, entering strict repository configuration mode
2025-11-08T00:10:37.418+05:30  INFO 19576 --- [BankingManagement-api] [main] .s.d.r.c.RepositoryConfigurationDelegate : Bootstrapping Spring Data JPA repositories in DEFAULT mode.
2025-11-08T00:10:37.616+05:30  INFO 19576 --- [BankingManagement-api] [main] .s.d.r.c.RepositoryConfigurationDelegate : Finished Spring Data repository scanning in 168 ms. Found 5 JPA repository interfaces.
2025-11-08T00:10:37.639+05:30  INFO 19576 --- [BankingManagement-api] [main] .s.d.r.c.RepositoryConfigurationDelegate : Multiple Spring Data modules found, entering strict repository configuration mode
2025-11-08T00:10:37.640+05:30  INFO 19576 --- [BankingManagement-api] [main] .s.d.r.c.RepositoryConfigurationDelegate : Bootstrapping Spring Data MongoDB repositories in DEFAULT mode.
2025-11-08T00:10:37.663+05:30  INFO 19576 --- [BankingManagement-api] [main] .RepositoryConfigurationExtensionSupport : Spring Data MongoDB - Could not safely identify store assignment for repository candidate interface com.bankingManagement.BankingManagement_api.Repoistry.AccountRepoistry; If you want this repository to be a MongoDB repository, consider annotating your entities with one of these annotations: org.springframework.data.mongodb.core.mapping.Document (preferred), or consider extending one of the following types with your repository: org.springframework.data.mongodb.repository.MongoRepository
2025-11-08T00:10:37.665+05:30  INFO 19576 --- [BankingManagement-api] [main] .RepositoryConfigurationExtensionSupport : Spring Data MongoDB - Could not safely identify store assignment for repository candidate interface com.bankingManagement.BankingManagement_api.Repoistry.BankRepoistry; If you want this repository to be a MongoDB repository, consider annotating your entities with one of these annotations: org.springframework.data.mongodb.core.mapping.Document (preferred), or consider extending one of the following types with your repository: org.springframework.data.mongodb.repository.MongoRepository
2025-11-08T00:10:37.666+05:30  INFO 19576 --- [BankingManagement-api] [main] .RepositoryConfigurationExtensionSupport : Spring Data MongoDB - Could not safely identify store assignment for repository candidate interface com.bankingManagement.BankingManagement_api.Repoistry.BranchReposistry; If you want this repository to be a MongoDB repository, consider annotating your entities with one of these annotations: org.springframework.data.mongodb.core.mapping.Document (preferred), or consider extending one of the following types with your repository: org.springframework.data.mongodb.repository.MongoRepository
2025-11-08T00:10:37.667+05:30  INFO 19576 --- [BankingManagement-api] [main] .RepositoryConfigurationExtensionSupport : Spring Data MongoDB - Could not safely identify store assignment for repository candidate interface com.bankingManagement.BankingManagement_api.Repoistry.CustomerReposistory; If you want this repository to be a MongoDB repository, consider annotating your entities with one of these annotations: org.springframework.data.mongodb.core.mapping.Document (preferred), or consider extending one of the following types with your repository: org.springframework.data.mongodb.repository.MongoRepository
2025-11-08T00:10:37.668+05:30  INFO 19576 --- [BankingManagement-api] [main] .RepositoryConfigurationExtensionSupport : Spring Data MongoDB - Could not safely identify store assignment for repository candidate interface com.bankingManagement.BankingManagement_api.Repoistry.LoanReposistry; If you want this repository to be a MongoDB repository, consider annotating your entities with one of these annotations: org.springframework.data.mongodb.core.mapping.Document (preferred), or consider extending one of the following types with your repository: org.springframework.data.mongodb.repository.MongoRepository
2025-11-08T00:10:37.670+05:30  INFO 19576 --- [BankingManagement-api] [main] .s.d.r.c.RepositoryConfigurationDelegate : Finished Spring Data repository scanning in 27 ms. Found 0 MongoDB repository interfaces.
2025-11-08T00:10:39.110+05:30  INFO 19576 --- [BankingManagement-api] [main] o.s.b.w.embedded.tomcat.TomcatWebServer  : Tomcat initialized with port 9091 (http)
2025-11-08T00:10:39.191+05:30  INFO 19576 --- [BankingManagement-api] [main] o.apache.catalina.core.StandardService   : Starting service [Tomcat]
2025-11-08T00:10:39.192+05:30  INFO 19576 --- [BankingManagement-api] [main] o.apache.catalina.core.StandardEngine    : Starting Servlet engine: [Apache Tomcat/10.1.46]
2025-11-08T00:10:39.720+05:30  INFO 19576 --- [BankingManagement-api] [main] o.a.c.c.C.[Tomcat].[localhost].[/]       : Initializing Spring embedded WebApplicationContext
2025-11-08T00:10:39.721+05:30  INFO 19576 --- [BankingManagement-api] [main] w.s.c.ServletWebServerApplicationContext : Root WebApplicationContext: initialization completed in 4888 ms
2025-11-08T00:10:41.003+05:30  INFO 19576 --- [BankingManagement-api] [main] o.hibernate.jpa.internal.util.LogHelper  : HHH000204: Processing PersistenceUnitInfo [name: default]
2025-11-08T00:10:41.198+05:30  INFO 19576 --- [BankingManagement-api] [main] org.hibernate.Version                    : HHH000412: Hibernate ORM core version 6.6.29.Final
2025-11-08T00:10:41.308+05:30  INFO 19576 --- [BankingManagement-api] [main] o.h.c.internal.RegionFactoryInitiator    : HHH000026: Second-level cache disabled
2025-11-08T00:10:42.282+05:30  INFO 19576 --- [BankingManagement-api] [main] o.s.o.j.p.SpringPersistenceUnitInfo      : No LoadTimeWeaver setup: ignoring JPA class transformer
2025-11-08T00:10:42.342+05:30  INFO 19576 --- [BankingManagement-api] [main] com.zaxxer.hikari.HikariDataSource       : HikariPool-1 - Starting...
2025-11-08T00:10:43.522+05:30  INFO 19576 --- [BankingManagement-api] [main] com.zaxxer.hikari.pool.HikariPool        : HikariPool-1 - Added connection org.postgresql.jdbc.PgConnection@5e360c3b
2025-11-08T00:10:43.530+05:30  INFO 19576 --- [BankingManagement-api] [main] com.zaxxer.hikari.HikariDataSource       : HikariPool-1 - Start completed.
2025-11-08T00:10:43.763+05:30  INFO 19576 --- [BankingManagement-api] [main] org.hibernate.orm.connections.pooling    : HHH10001005: Database info:
	Database JDBC URL [Connecting through datasource 'HikariDataSource (HikariPool-1)']
	Database driver: undefined/unknown
	Database version: 17.6
	Autocommit mode: undefined/unknown
	Isolation level: undefined/unknown
	Minimum pool size: undefined/unknown
	Maximum pool size: undefined/unknown
2025-11-08T00:10:45.766+05:30  INFO 19576 --- [BankingManagement-api] [main] o.h.e.t.j.p.i.JtaPlatformInitiator       : HHH000489: No JTA platform available (set 'hibernate.transaction.jta.platform' to enable JTA platform integration)
2025-11-08T00:10:45.769+05:30  INFO 19576 --- [BankingManagement-api] [main] j.LocalContainerEntityManagerFactoryBean : Initialized JPA EntityManagerFactory for persistence unit 'default'
2025-11-08T00:10:46.762+05:30  WARN 19576 --- [BankingManagement-api] [main] JpaBaseConfiguration$JpaWebConfiguration : spring.jpa.open-in-view is enabled by default. Therefore, database queries may be performed during view rendering. Explicitly configure spring.jpa.open-in-view to disable this warning
2025-11-08T00:10:47.902+05:30  INFO 19576 --- [BankingManagement-api] [main] org.mongodb.driver.client                : MongoClient with metadata {"driver": {"name": "mongo-java-driver|sync|spring-boot", "version": "5.5.1"}, "os": {"type": "Windows", "name": "Windows 11", "architecture": "amd64", "version": "10.0"}, "platform": "Java/Microsoft/21.0.8+9-LTS"} created with settings MongoClientSettings{readPreference=primary, writeConcern=WriteConcern{w=null, wTimeout=null ms, journal=null}, retryWrites=true, retryReads=true, readConcern=ReadConcern{level=null}, credential=null, transportSettings=null, commandListeners=[io.micrometer.core.instrument.binder.mongodb.MongoMetricsCommandListener@16263fb2], codecRegistry=ProvidersCodecRegistry{codecProviders=[ValueCodecProvider{}, BsonValueCodecProvider{}, DBRefCodecProvider{}, DBObjectCodecProvider{}, DocumentCodecProvider{}, CollectionCodecProvider{}, IterableCodecProvider{}, MapCodecProvider{}, GeoJsonCodecProvider{}, GridFSFileCodecProvider{}, Jsr310CodecProvider{}, JsonObjectCodecProvider{}, BsonCodecProvider{}, EnumCodecProvider{}, com.mongodb.client.model.mql.ExpressionCodecProvider@697797e4, com.mongodb.Jep395RecordCodecProvider@38cbbd0b, com.mongodb.KotlinCodecProvider@56a34c0e]}, loggerSettings=LoggerSettings{maxDocumentLength=1000}, clusterSettings={hosts=[localhost:27017], srvServiceName=mongodb, mode=SINGLE, requiredClusterType=UNKNOWN, requiredReplicaSetName='null', serverSelector='null', clusterListeners='[]', serverSelectionTimeout='30000 ms', localThreshold='15 ms'}, socketSettings=SocketSettings{connectTimeoutMS=10000, readTimeoutMS=0, receiveBufferSize=0, proxySettings=ProxySettings{host=null, port=null, username=null, password=null}}, heartbeatSocketSettings=SocketSettings{connectTimeoutMS=10000, readTimeoutMS=10000, receiveBufferSize=0, proxySettings=ProxySettings{host=null, port=null, username=null, password=null}}, connectionPoolSettings=ConnectionPoolSettings{maxSize=100, minSize=0, maxWaitTimeMS=120000, maxConnectionLifeTimeMS=0, maxConnectionIdleTimeMS=0, maintenanceInitialDelayMS=0, maintenanceFrequencyMS=60000, connectionPoolListeners=[io.micrometer.core.instrument.binder.mongodb.MongoMetricsConnectionPoolListener@73136174], maxConnecting=2}, serverSettings=ServerSettings{heartbeatFrequencyMS=10000, minHeartbeatFrequencyMS=500, serverMonitoringMode=AUTO, serverListeners='[]', serverMonitorListeners='[]'}, sslSettings=SslSettings{enabled=false, invalidHostNameAllowed=false, context=null}, applicationName='null', compressorList=[], uuidRepresentation=JAVA_LEGACY, serverApi=null, autoEncryptionSettings=null, dnsClient=null, inetAddressResolver=null, contextProvider=null, timeoutMS=null}
2025-11-08T00:10:47.977+05:30  INFO 19576 --- [BankingManagement-api] [cluster-ClusterId{value='690e3d2f1d3e672600b023ea', description='null'}-localhost:27017] org.mongodb.driver.cluster               : Monitor thread successfully connected to server with description ServerDescription{address=localhost:27017, type=STANDALONE, cryptd=false, state=CONNECTED, ok=true, minWireVersion=0, maxWireVersion=27, maxDocumentSize=16777216, logicalSessionTimeoutMinutes=30, roundTripTimeNanos=94847100, minRoundTripTimeNanos=0}
2025-11-08T00:10:48.503+05:30  INFO 19576 --- [BankingManagement-api] [main] o.s.b.a.e.web.EndpointLinksResolver      : Exposing 14 endpoints beneath base path '/actuator'
2025-11-08T00:10:48.693+05:30  INFO 19576 --- [BankingManagement-api] [main] o.s.b.w.embedded.tomcat.TomcatWebServer  : Tomcat started on port 9091 (http) with context path '/'
2025-11-08T00:10:48.721+05:30  INFO 19576 --- [BankingManagement-api] [main] c.b.B.BankingManagementApiApplication    : Started BankingManagementApiApplication in 14.924 seconds (process running for 15.767)
2025-11-08T00:10:48.963+05:30  INFO 19576 --- [BankingManagement-api] [main] c.b.B.BankingManagementApiApplication    : Application started successfully
2025-11-08T00:10:54.608+05:30  INFO 19576 --- [BankingManagement-api] [http-nio-9091-exec-1] o.a.c.c.C.[Tomcat].[localhost].[/]       : Initializing Spring DispatcherServlet 'dispatcherServlet'
2025-11-08T00:10:54.608+05:30  INFO 19576 --- [BankingManagement-api] [http-nio-9091-exec-1] o.s.web.servlet.DispatcherServlet        : Initializing Servlet 'dispatcherServlet'
2025-11-08T00:10:54.610+05:30  INFO 19576 --- [BankingManagement-api] [http-nio-9091-exec-1] o.s.web.servlet.DispatcherServlet        : Completed initialization in 1 ms
2025-11-08T00:10:55.066+05:30  INFO 19576 --- [BankingManagement-api] [http-nio-9091-exec-1] c.b.B.Controller.LoanController          : Deletion operation is successfully done
2025-11-08T00:25:34.025+05:30  INFO 1244 --- [BankingManagement-api] [main] c.b.B.BankingManagementApiApplication    : Starting BankingManagementApiApplication using Java 21.0.8 with PID 1244 (D:\Banking Management Aj=pi\BankingManagement-api\build\classes\java\main started by DELL in D:\Banking Management Aj=pi\BankingManagement-api)
2025-11-08T00:25:34.030+05:30  INFO 1244 --- [BankingManagement-api] [main] c.b.B.BankingManagementApiApplication    : The following 1 profile is active: "sit"
2025-11-08T00:25:35.895+05:30  INFO 1244 --- [BankingManagement-api] [main] .s.d.r.c.RepositoryConfigurationDelegate : Multiple Spring Data modules found, entering strict repository configuration mode
2025-11-08T00:25:35.898+05:30  INFO 1244 --- [BankingManagement-api] [main] .s.d.r.c.RepositoryConfigurationDelegate : Bootstrapping Spring Data JPA repositories in DEFAULT mode.
2025-11-08T00:25:36.006+05:30  INFO 1244 --- [BankingManagement-api] [main] .s.d.r.c.RepositoryConfigurationDelegate : Finished Spring Data repository scanning in 90 ms. Found 5 JPA repository interfaces.
2025-11-08T00:25:36.023+05:30  INFO 1244 --- [BankingManagement-api] [main] .s.d.r.c.RepositoryConfigurationDelegate : Multiple Spring Data modules found, entering strict repository configuration mode
2025-11-08T00:25:36.023+05:30  INFO 1244 --- [BankingManagement-api] [main] .s.d.r.c.RepositoryConfigurationDelegate : Bootstrapping Spring Data MongoDB repositories in DEFAULT mode.
2025-11-08T00:25:36.036+05:30  INFO 1244 --- [BankingManagement-api] [main] .RepositoryConfigurationExtensionSupport : Spring Data MongoDB - Could not safely identify store assignment for repository candidate interface com.bankingManagement.BankingManagement_api.Repoistry.AccountRepoistry; If you want this repository to be a MongoDB repository, consider annotating your entities with one of these annotations: org.springframework.data.mongodb.core.mapping.Document (preferred), or consider extending one of the following types with your repository: org.springframework.data.mongodb.repository.MongoRepository
2025-11-08T00:25:36.037+05:30  INFO 1244 --- [BankingManagement-api] [main] .RepositoryConfigurationExtensionSupport : Spring Data MongoDB - Could not safely identify store assignment for repository candidate interface com.bankingManagement.BankingManagement_api.Repoistry.BankRepoistry; If you want this repository to be a MongoDB repository, consider annotating your entities with one of these annotations: org.springframework.data.mongodb.core.mapping.Document (preferred), or consider extending one of the following types with your repository: org.springframework.data.mongodb.repository.MongoRepository
2025-11-08T00:25:36.038+05:30  INFO 1244 --- [BankingManagement-api] [main] .RepositoryConfigurationExtensionSupport : Spring Data MongoDB - Could not safely identify store assignment for repository candidate interface com.bankingManagement.BankingManagement_api.Repoistry.BranchReposistry; If you want this repository to be a MongoDB repository, consider annotating your entities with one of these annotations: org.springframework.data.mongodb.core.mapping.Document (preferred), or consider extending one of the following types with your repository: org.springframework.data.mongodb.repository.MongoRepository
2025-11-08T00:25:36.038+05:30  INFO 1244 --- [BankingManagement-api] [main] .RepositoryConfigurationExtensionSupport : Spring Data MongoDB - Could not safely identify store assignment for repository candidate interface com.bankingManagement.BankingManagement_api.Repoistry.CustomerReposistory; If you want this repository to be a MongoDB repository, consider annotating your entities with one of these annotations: org.springframework.data.mongodb.core.mapping.Document (preferred), or consider extending one of the following types with your repository: org.springframework.data.mongodb.repository.MongoRepository
2025-11-08T00:25:36.039+05:30  INFO 1244 --- [BankingManagement-api] [main] .RepositoryConfigurationExtensionSupport : Spring Data MongoDB - Could not safely identify store assignment for repository candidate interface com.bankingManagement.BankingManagement_api.Repoistry.LoanReposistry; If you want this repository to be a MongoDB repository, consider annotating your entities with one of these annotations: org.springframework.data.mongodb.core.mapping.Document (preferred), or consider extending one of the following types with your repository: org.springframework.data.mongodb.repository.MongoRepository
2025-11-08T00:25:36.039+05:30  INFO 1244 --- [BankingManagement-api] [main] .s.d.r.c.RepositoryConfigurationDelegate : Finished Spring Data repository scanning in 12 ms. Found 0 MongoDB repository interfaces.
2025-11-08T00:25:36.853+05:30  INFO 1244 --- [BankingManagement-api] [main] o.s.b.w.embedded.tomcat.TomcatWebServer  : Tomcat initialized with port 9091 (http)
2025-11-08T00:25:36.878+05:30  INFO 1244 --- [BankingManagement-api] [main] o.apache.catalina.core.StandardService   : Starting service [Tomcat]
2025-11-08T00:25:36.879+05:30  INFO 1244 --- [BankingManagement-api] [main] o.apache.catalina.core.StandardEngine    : Starting Servlet engine: [Apache Tomcat/10.1.46]
2025-11-08T00:25:36.978+05:30  INFO 1244 --- [BankingManagement-api] [main] o.a.c.c.C.[Tomcat].[localhost].[/]       : Initializing Spring embedded WebApplicationContext
2025-11-08T00:25:36.979+05:30  INFO 1244 --- [BankingManagement-api] [main] w.s.c.ServletWebServerApplicationContext : Root WebApplicationContext: initialization completed in 2860 ms
2025-11-08T00:25:37.446+05:30  INFO 1244 --- [BankingManagement-api] [main] o.hibernate.jpa.internal.util.LogHelper  : HHH000204: Processing PersistenceUnitInfo [name: default]
2025-11-08T00:25:37.532+05:30  INFO 1244 --- [BankingManagement-api] [main] org.hibernate.Version                    : HHH000412: Hibernate ORM core version 6.6.29.Final
2025-11-08T00:25:37.583+05:30  INFO 1244 --- [BankingManagement-api] [main] o.h.c.internal.RegionFactoryInitiator    : HHH000026: Second-level cache disabled
2025-11-08T00:25:38.005+05:30  INFO 1244 --- [BankingManagement-api] [main] o.s.o.j.p.SpringPersistenceUnitInfo      : No LoadTimeWeaver setup: ignoring JPA class transformer
2025-11-08T00:25:38.053+05:30  INFO 1244 --- [BankingManagement-api] [main] com.zaxxer.hikari.HikariDataSource       : HikariPool-1 - Starting...
2025-11-08T00:25:38.416+05:30  INFO 1244 --- [BankingManagement-api] [main] com.zaxxer.hikari.pool.HikariPool        : HikariPool-1 - Added connection org.postgresql.jdbc.PgConnection@44106e25
2025-11-08T00:25:38.419+05:30  INFO 1244 --- [BankingManagement-api] [main] com.zaxxer.hikari.HikariDataSource       : HikariPool-1 - Start completed.
2025-11-08T00:25:38.547+05:30  INFO 1244 --- [BankingManagement-api] [main] org.hibernate.orm.connections.pooling    : HHH10001005: Database info:
	Database JDBC URL [Connecting through datasource 'HikariDataSource (HikariPool-1)']
	Database driver: undefined/unknown
	Database version: 17.6
	Autocommit mode: undefined/unknown
	Isolation level: undefined/unknown
	Minimum pool size: undefined/unknown
	Maximum pool size: undefined/unknown
2025-11-08T00:25:39.827+05:30  INFO 1244 --- [BankingManagement-api] [main] o.h.e.t.j.p.i.JtaPlatformInitiator       : HHH000489: No JTA platform available (set 'hibernate.transaction.jta.platform' to enable JTA platform integration)
2025-11-08T00:25:39.830+05:30  INFO 1244 --- [BankingManagement-api] [main] j.LocalContainerEntityManagerFactoryBean : Initialized JPA EntityManagerFactory for persistence unit 'default'
2025-11-08T00:25:40.852+05:30  WARN 1244 --- [BankingManagement-api] [main] JpaBaseConfiguration$JpaWebConfiguration : spring.jpa.open-in-view is enabled by default. Therefore, database queries may be performed during view rendering. Explicitly configure spring.jpa.open-in-view to disable this warning
2025-11-08T00:25:41.867+05:30  INFO 1244 --- [BankingManagement-api] [main] org.mongodb.driver.client                : MongoClient with metadata {"driver": {"name": "mongo-java-driver|sync|spring-boot", "version": "5.5.1"}, "os": {"type": "Windows", "name": "Windows 11", "architecture": "amd64", "version": "10.0"}, "platform": "Java/Microsoft/21.0.8+9-LTS"} created with settings MongoClientSettings{readPreference=primary, writeConcern=WriteConcern{w=null, wTimeout=null ms, journal=null}, retryWrites=true, retryReads=true, readConcern=ReadConcern{level=null}, credential=null, transportSettings=null, commandListeners=[io.micrometer.core.instrument.binder.mongodb.MongoMetricsCommandListener@4d79651d], codecRegistry=ProvidersCodecRegistry{codecProviders=[ValueCodecProvider{}, BsonValueCodecProvider{}, DBRefCodecProvider{}, DBObjectCodecProvider{}, DocumentCodecProvider{}, CollectionCodecProvider{}, IterableCodecProvider{}, MapCodecProvider{}, GeoJsonCodecProvider{}, GridFSFileCodecProvider{}, Jsr310CodecProvider{}, JsonObjectCodecProvider{}, BsonCodecProvider{}, EnumCodecProvider{}, com.mongodb.client.model.mql.ExpressionCodecProvider@77035caa, com.mongodb.Jep395RecordCodecProvider@18ac2dfe, com.mongodb.KotlinCodecProvider@761d679f]}, loggerSettings=LoggerSettings{maxDocumentLength=1000}, clusterSettings={hosts=[localhost:27017], srvServiceName=mongodb, mode=SINGLE, requiredClusterType=UNKNOWN, requiredReplicaSetName='null', serverSelector='null', clusterListeners='[]', serverSelectionTimeout='30000 ms', localThreshold='15 ms'}, socketSettings=SocketSettings{connectTimeoutMS=10000, readTimeoutMS=0, receiveBufferSize=0, proxySettings=ProxySettings{host=null, port=null, username=null, password=null}}, heartbeatSocketSettings=SocketSettings{connectTimeoutMS=10000, readTimeoutMS=10000, receiveBufferSize=0, proxySettings=ProxySettings{host=null, port=null, username=null, password=null}}, connectionPoolSettings=ConnectionPoolSettings{maxSize=100, minSize=0, maxWaitTimeMS=120000, maxConnectionLifeTimeMS=0, maxConnectionIdleTimeMS=0, maintenanceInitialDelayMS=0, maintenanceFrequencyMS=60000, connectionPoolListeners=[io.micrometer.core.instrument.binder.mongodb.MongoMetricsConnectionPoolListener@3a72b2c9], maxConnecting=2}, serverSettings=ServerSettings{heartbeatFrequencyMS=10000, minHeartbeatFrequencyMS=500, serverMonitoringMode=AUTO, serverListeners='[]', serverMonitorListeners='[]'}, sslSettings=SslSettings{enabled=false, invalidHostNameAllowed=false, context=null}, applicationName='null', compressorList=[], uuidRepresentation=JAVA_LEGACY, serverApi=null, autoEncryptionSettings=null, dnsClient=null, inetAddressResolver=null, contextProvider=null, timeoutMS=null}
2025-11-08T00:25:41.894+05:30  INFO 1244 --- [BankingManagement-api] [cluster-ClusterId{value='690e40ad19cffa319c779127', description='null'}-localhost:27017] org.mongodb.driver.cluster               : Monitor thread successfully connected to server with description ServerDescription{address=localhost:27017, type=STANDALONE, cryptd=false, state=CONNECTED, ok=true, minWireVersion=0, maxWireVersion=27, maxDocumentSize=16777216, logicalSessionTimeoutMinutes=30, roundTripTimeNanos=38698800, minRoundTripTimeNanos=0}
2025-11-08T00:25:42.455+05:30  INFO 1244 --- [BankingManagement-api] [main] o.s.b.a.e.web.EndpointLinksResolver      : Exposing 14 endpoints beneath base path '/actuator'
2025-11-08T00:25:42.605+05:30  INFO 1244 --- [BankingManagement-api] [main] o.s.b.w.embedded.tomcat.TomcatWebServer  : Tomcat started on port 9091 (http) with context path '/'
2025-11-08T00:25:42.631+05:30  INFO 1244 --- [BankingManagement-api] [main] c.b.B.BankingManagementApiApplication    : Started BankingManagementApiApplication in 9.191 seconds (process running for 9.753)
2025-11-08T00:25:42.833+05:30  INFO 1244 --- [BankingManagement-api] [main] c.b.B.BankingManagementApiApplication    : Application started successfully
2025-11-08T00:26:11.135+05:30  INFO 1244 --- [BankingManagement-api] [http-nio-9091-exec-2] o.a.c.c.C.[Tomcat].[localhost].[/]       : Initializing Spring DispatcherServlet 'dispatcherServlet'
2025-11-08T00:26:11.136+05:30  INFO 1244 --- [BankingManagement-api] [http-nio-9091-exec-2] o.s.web.servlet.DispatcherServlet        : Initializing Servlet 'dispatcherServlet'
2025-11-08T00:26:11.138+05:30  INFO 1244 --- [BankingManagement-api] [http-nio-9091-exec-2] o.s.web.servlet.DispatcherServlet        : Completed initialization in 2 ms
2025-11-08T00:26:11.563+05:30  INFO 1244 --- [BankingManagement-api] [http-nio-9091-exec-2] c.b.B.Controller.LoanController          : Deletion operation is successfully done
2025-11-08T00:43:01.096+05:30  INFO 9628 --- [BankingManagement-api] [main] c.b.B.BankingManagementApiApplication    : Starting BankingManagementApiApplication using Java 21.0.8 with PID 9628 (D:\Banking Management Aj=pi\BankingManagement-api\build\classes\java\main started by DELL in D:\Banking Management Aj=pi\BankingManagement-api)
2025-11-08T00:43:01.101+05:30  INFO 9628 --- [BankingManagement-api] [main] c.b.B.BankingManagementApiApplication    : The following 1 profile is active: "sit"
2025-11-08T00:43:02.987+05:30  INFO 9628 --- [BankingManagement-api] [main] .s.d.r.c.RepositoryConfigurationDelegate : Multiple Spring Data modules found, entering strict repository configuration mode
2025-11-08T00:43:02.991+05:30  INFO 9628 --- [BankingManagement-api] [main] .s.d.r.c.RepositoryConfigurationDelegate : Bootstrapping Spring Data JPA repositories in DEFAULT mode.
2025-11-08T00:43:03.106+05:30  INFO 9628 --- [BankingManagement-api] [main] .s.d.r.c.RepositoryConfigurationDelegate : Finished Spring Data repository scanning in 92 ms. Found 5 JPA repository interfaces.
2025-11-08T00:43:03.129+05:30  INFO 9628 --- [BankingManagement-api] [main] .s.d.r.c.RepositoryConfigurationDelegate : Multiple Spring Data modules found, entering strict repository configuration mode
2025-11-08T00:43:03.129+05:30  INFO 9628 --- [BankingManagement-api] [main] .s.d.r.c.RepositoryConfigurationDelegate : Bootstrapping Spring Data MongoDB repositories in DEFAULT mode.
2025-11-08T00:43:03.141+05:30  INFO 9628 --- [BankingManagement-api] [main] .RepositoryConfigurationExtensionSupport : Spring Data MongoDB - Could not safely identify store assignment for repository candidate interface com.bankingManagement.BankingManagement_api.Repoistry.AccountRepoistry; If you want this repository to be a MongoDB repository, consider annotating your entities with one of these annotations: org.springframework.data.mongodb.core.mapping.Document (preferred), or consider extending one of the following types with your repository: org.springframework.data.mongodb.repository.MongoRepository
2025-11-08T00:43:03.142+05:30  INFO 9628 --- [BankingManagement-api] [main] .RepositoryConfigurationExtensionSupport : Spring Data MongoDB - Could not safely identify store assignment for repository candidate interface com.bankingManagement.BankingManagement_api.Repoistry.BankRepoistry; If you want this repository to be a MongoDB repository, consider annotating your entities with one of these annotations: org.springframework.data.mongodb.core.mapping.Document (preferred), or consider extending one of the following types with your repository: org.springframework.data.mongodb.repository.MongoRepository
2025-11-08T00:43:03.142+05:30  INFO 9628 --- [BankingManagement-api] [main] .RepositoryConfigurationExtensionSupport : Spring Data MongoDB - Could not safely identify store assignment for repository candidate interface com.bankingManagement.BankingManagement_api.Repoistry.BranchReposistry; If you want this repository to be a MongoDB repository, consider annotating your entities with one of these annotations: org.springframework.data.mongodb.core.mapping.Document (preferred), or consider extending one of the following types with your repository: org.springframework.data.mongodb.repository.MongoRepository
2025-11-08T00:43:03.143+05:30  INFO 9628 --- [BankingManagement-api] [main] .RepositoryConfigurationExtensionSupport : Spring Data MongoDB - Could not safely identify store assignment for repository candidate interface com.bankingManagement.BankingManagement_api.Repoistry.CustomerReposistory; If you want this repository to be a MongoDB repository, consider annotating your entities with one of these annotations: org.springframework.data.mongodb.core.mapping.Document (preferred), or consider extending one of the following types with your repository: org.springframework.data.mongodb.repository.MongoRepository
2025-11-08T00:43:03.143+05:30  INFO 9628 --- [BankingManagement-api] [main] .RepositoryConfigurationExtensionSupport : Spring Data MongoDB - Could not safely identify store assignment for repository candidate interface com.bankingManagement.BankingManagement_api.Repoistry.LoanReposistry; If you want this repository to be a MongoDB repository, consider annotating your entities with one of these annotations: org.springframework.data.mongodb.core.mapping.Document (preferred), or consider extending one of the following types with your repository: org.springframework.data.mongodb.repository.MongoRepository
2025-11-08T00:43:03.144+05:30  INFO 9628 --- [BankingManagement-api] [main] .s.d.r.c.RepositoryConfigurationDelegate : Finished Spring Data repository scanning in 12 ms. Found 0 MongoDB repository interfaces.
2025-11-08T00:43:04.115+05:30  INFO 9628 --- [BankingManagement-api] [main] o.s.b.w.embedded.tomcat.TomcatWebServer  : Tomcat initialized with port 9091 (http)
2025-11-08T00:43:04.146+05:30  INFO 9628 --- [BankingManagement-api] [main] o.apache.catalina.core.StandardService   : Starting service [Tomcat]
2025-11-08T00:43:04.147+05:30  INFO 9628 --- [BankingManagement-api] [main] o.apache.catalina.core.StandardEngine    : Starting Servlet engine: [Apache Tomcat/10.1.46]
2025-11-08T00:43:04.251+05:30  INFO 9628 --- [BankingManagement-api] [main] o.a.c.c.C.[Tomcat].[localhost].[/]       : Initializing Spring embedded WebApplicationContext
2025-11-08T00:43:04.253+05:30  INFO 9628 --- [BankingManagement-api] [main] w.s.c.ServletWebServerApplicationContext : Root WebApplicationContext: initialization completed in 3067 ms
2025-11-08T00:43:04.727+05:30  INFO 9628 --- [BankingManagement-api] [main] o.hibernate.jpa.internal.util.LogHelper  : HHH000204: Processing PersistenceUnitInfo [name: default]
2025-11-08T00:43:04.807+05:30  INFO 9628 --- [BankingManagement-api] [main] org.hibernate.Version                    : HHH000412: Hibernate ORM core version 6.6.29.Final
2025-11-08T00:43:04.861+05:30  INFO 9628 --- [BankingManagement-api] [main] o.h.c.internal.RegionFactoryInitiator    : HHH000026: Second-level cache disabled
2025-11-08T00:43:05.348+05:30  INFO 9628 --- [BankingManagement-api] [main] o.s.o.j.p.SpringPersistenceUnitInfo      : No LoadTimeWeaver setup: ignoring JPA class transformer
2025-11-08T00:43:05.390+05:30  INFO 9628 --- [BankingManagement-api] [main] com.zaxxer.hikari.HikariDataSource       : HikariPool-1 - Starting...
2025-11-08T00:43:05.687+05:30  INFO 9628 --- [BankingManagement-api] [main] com.zaxxer.hikari.pool.HikariPool        : HikariPool-1 - Added connection org.postgresql.jdbc.PgConnection@148fca83
2025-11-08T00:43:05.689+05:30  INFO 9628 --- [BankingManagement-api] [main] com.zaxxer.hikari.HikariDataSource       : HikariPool-1 - Start completed.
2025-11-08T00:43:05.786+05:30  INFO 9628 --- [BankingManagement-api] [main] org.hibernate.orm.connections.pooling    : HHH10001005: Database info:
	Database JDBC URL [Connecting through datasource 'HikariDataSource (HikariPool-1)']
	Database driver: undefined/unknown
	Database version: 17.6
	Autocommit mode: undefined/unknown
	Isolation level: undefined/unknown
	Minimum pool size: undefined/unknown
	Maximum pool size: undefined/unknown
2025-11-08T00:43:06.848+05:30  INFO 9628 --- [BankingManagement-api] [main] o.h.e.t.j.p.i.JtaPlatformInitiator       : HHH000489: No JTA platform available (set 'hibernate.transaction.jta.platform' to enable JTA platform integration)
2025-11-08T00:43:06.850+05:30  INFO 9628 --- [BankingManagement-api] [main] j.LocalContainerEntityManagerFactoryBean : Initialized JPA EntityManagerFactory for persistence unit 'default'
2025-11-08T00:43:07.686+05:30  WARN 9628 --- [BankingManagement-api] [main] JpaBaseConfiguration$JpaWebConfiguration : spring.jpa.open-in-view is enabled by default. Therefore, database queries may be performed during view rendering. Explicitly configure spring.jpa.open-in-view to disable this warning
2025-11-08T00:43:08.492+05:30  INFO 9628 --- [BankingManagement-api] [main] org.mongodb.driver.client                : MongoClient with metadata {"driver": {"name": "mongo-java-driver|sync|spring-boot", "version": "5.5.1"}, "os": {"type": "Windows", "name": "Windows 11", "architecture": "amd64", "version": "10.0"}, "platform": "Java/Microsoft/21.0.8+9-LTS"} created with settings MongoClientSettings{readPreference=primary, writeConcern=WriteConcern{w=null, wTimeout=null ms, journal=null}, retryWrites=true, retryReads=true, readConcern=ReadConcern{level=null}, credential=null, transportSettings=null, commandListeners=[io.micrometer.core.instrument.binder.mongodb.MongoMetricsCommandListener@49a46f29], codecRegistry=ProvidersCodecRegistry{codecProviders=[ValueCodecProvider{}, BsonValueCodecProvider{}, DBRefCodecProvider{}, DBObjectCodecProvider{}, DocumentCodecProvider{}, CollectionCodecProvider{}, IterableCodecProvider{}, MapCodecProvider{}, GeoJsonCodecProvider{}, GridFSFileCodecProvider{}, Jsr310CodecProvider{}, JsonObjectCodecProvider{}, BsonCodecProvider{}, EnumCodecProvider{}, com.mongodb.client.model.mql.ExpressionCodecProvider@5f1d270a, com.mongodb.Jep395RecordCodecProvider@7d14efc, com.mongodb.KotlinCodecProvider@5180f430]}, loggerSettings=LoggerSettings{maxDocumentLength=1000}, clusterSettings={hosts=[localhost:27017], srvServiceName=mongodb, mode=SINGLE, requiredClusterType=UNKNOWN, requiredReplicaSetName='null', serverSelector='null', clusterListeners='[]', serverSelectionTimeout='30000 ms', localThreshold='15 ms'}, socketSettings=SocketSettings{connectTimeoutMS=10000, readTimeoutMS=0, receiveBufferSize=0, proxySettings=ProxySettings{host=null, port=null, username=null, password=null}}, heartbeatSocketSettings=SocketSettings{connectTimeoutMS=10000, readTimeoutMS=10000, receiveBufferSize=0, proxySettings=ProxySettings{host=null, port=null, username=null, password=null}}, connectionPoolSettings=ConnectionPoolSettings{maxSize=100, minSize=0, maxWaitTimeMS=120000, maxConnectionLifeTimeMS=0, maxConnectionIdleTimeMS=0, maintenanceInitialDelayMS=0, maintenanceFrequencyMS=60000, connectionPoolListeners=[io.micrometer.core.instrument.binder.mongodb.MongoMetricsConnectionPoolListener@12b34bd5], maxConnecting=2}, serverSettings=ServerSettings{heartbeatFrequencyMS=10000, minHeartbeatFrequencyMS=500, serverMonitoringMode=AUTO, serverListeners='[]', serverMonitorListeners='[]'}, sslSettings=SslSettings{enabled=false, invalidHostNameAllowed=false, context=null}, applicationName='null', compressorList=[], uuidRepresentation=JAVA_LEGACY, serverApi=null, autoEncryptionSettings=null, dnsClient=null, inetAddressResolver=null, contextProvider=null, timeoutMS=null}
2025-11-08T00:43:08.519+05:30  INFO 9628 --- [BankingManagement-api] [cluster-ClusterId{value='690e44c477749425e6002665', description='null'}-localhost:27017] org.mongodb.driver.cluster               : Monitor thread successfully connected to server with description ServerDescription{address=localhost:27017, type=STANDALONE, cryptd=false, state=CONNECTED, ok=true, minWireVersion=0, maxWireVersion=27, maxDocumentSize=16777216, logicalSessionTimeoutMinutes=30, roundTripTimeNanos=39183600, minRoundTripTimeNanos=0}
2025-11-08T00:43:08.991+05:30  INFO 9628 --- [BankingManagement-api] [main] o.s.b.a.e.web.EndpointLinksResolver      : Exposing 14 endpoints beneath base path '/actuator'
2025-11-08T00:43:09.119+05:30  INFO 9628 --- [BankingManagement-api] [main] o.s.b.w.embedded.tomcat.TomcatWebServer  : Tomcat started on port 9091 (http) with context path '/'
2025-11-08T00:43:09.138+05:30  INFO 9628 --- [BankingManagement-api] [main] c.b.B.BankingManagementApiApplication    : Started BankingManagementApiApplication in 8.701 seconds (process running for 9.323)
2025-11-08T00:43:09.275+05:30  INFO 9628 --- [BankingManagement-api] [main] c.b.B.BankingManagementApiApplication    : Application started successfully
2025-11-08T00:44:50.528+05:30  INFO 9628 --- [BankingManagement-api] [http-nio-9091-exec-2] o.a.c.c.C.[Tomcat].[localhost].[/]       : Initializing Spring DispatcherServlet 'dispatcherServlet'
2025-11-08T00:44:50.529+05:30  INFO 9628 --- [BankingManagement-api] [http-nio-9091-exec-2] o.s.web.servlet.DispatcherServlet        : Initializing Servlet 'dispatcherServlet'
2025-11-08T00:44:50.533+05:30  INFO 9628 --- [BankingManagement-api] [http-nio-9091-exec-2] o.s.web.servlet.DispatcherServlet        : Completed initialization in 2 ms
2025-11-08T00:44:50.890+05:30  INFO 9628 --- [BankingManagement-api] [http-nio-9091-exec-2] c.b.B.Controller.LoanController          : Deletion operation is successfully
2025-11-08T00:57:52.163+05:30  INFO 20352 --- [BankingManagement-api] [main] c.b.B.BankingManagementApiApplication    : Starting BankingManagementApiApplication using Java 21.0.8 with PID 20352 (D:\Banking Management Aj=pi\BankingManagement-api\build\classes\java\main started by DELL in D:\Banking Management Aj=pi\BankingManagement-api)
2025-11-08T00:57:52.168+05:30  INFO 20352 --- [BankingManagement-api] [main] c.b.B.BankingManagementApiApplication    : The following 1 profile is active: "sit"
2025-11-08T00:57:54.481+05:30  INFO 20352 --- [BankingManagement-api] [main] .s.d.r.c.RepositoryConfigurationDelegate : Multiple Spring Data modules found, entering strict repository configuration mode
2025-11-08T00:57:54.484+05:30  INFO 20352 --- [BankingManagement-api] [main] .s.d.r.c.RepositoryConfigurationDelegate : Bootstrapping Spring Data JPA repositories in DEFAULT mode.
2025-11-08T00:57:54.601+05:30  INFO 20352 --- [BankingManagement-api] [main] .s.d.r.c.RepositoryConfigurationDelegate : Finished Spring Data repository scanning in 88 ms. Found 5 JPA repository interfaces.
2025-11-08T00:57:54.616+05:30  INFO 20352 --- [BankingManagement-api] [main] .s.d.r.c.RepositoryConfigurationDelegate : Multiple Spring Data modules found, entering strict repository configuration mode
2025-11-08T00:57:54.617+05:30  INFO 20352 --- [BankingManagement-api] [main] .s.d.r.c.RepositoryConfigurationDelegate : Bootstrapping Spring Data MongoDB repositories in DEFAULT mode.
2025-11-08T00:57:54.628+05:30  INFO 20352 --- [BankingManagement-api] [main] .RepositoryConfigurationExtensionSupport : Spring Data MongoDB - Could not safely identify store assignment for repository candidate interface com.bankingManagement.BankingManagement_api.Repoistry.AccountRepoistry; If you want this repository to be a MongoDB repository, consider annotating your entities with one of these annotations: org.springframework.data.mongodb.core.mapping.Document (preferred), or consider extending one of the following types with your repository: org.springframework.data.mongodb.repository.MongoRepository
2025-11-08T00:57:54.629+05:30  INFO 20352 --- [BankingManagement-api] [main] .RepositoryConfigurationExtensionSupport : Spring Data MongoDB - Could not safely identify store assignment for repository candidate interface com.bankingManagement.BankingManagement_api.Repoistry.BankRepoistry; If you want this repository to be a MongoDB repository, consider annotating your entities with one of these annotations: org.springframework.data.mongodb.core.mapping.Document (preferred), or consider extending one of the following types with your repository: org.springframework.data.mongodb.repository.MongoRepository
2025-11-08T00:57:54.630+05:30  INFO 20352 --- [BankingManagement-api] [main] .RepositoryConfigurationExtensionSupport : Spring Data MongoDB - Could not safely identify store assignment for repository candidate interface com.bankingManagement.BankingManagement_api.Repoistry.BranchReposistry; If you want this repository to be a MongoDB repository, consider annotating your entities with one of these annotations: org.springframework.data.mongodb.core.mapping.Document (preferred), or consider extending one of the following types with your repository: org.springframework.data.mongodb.repository.MongoRepository
2025-11-08T00:57:54.630+05:30  INFO 20352 --- [BankingManagement-api] [main] .RepositoryConfigurationExtensionSupport : Spring Data MongoDB - Could not safely identify store assignment for repository candidate interface com.bankingManagement.BankingManagement_api.Repoistry.CustomerReposistory; If you want this repository to be a MongoDB repository, consider annotating your entities with one of these annotations: org.springframework.data.mongodb.core.mapping.Document (preferred), or consider extending one of the following types with your repository: org.springframework.data.mongodb.repository.MongoRepository
2025-11-08T00:57:54.631+05:30  INFO 20352 --- [BankingManagement-api] [main] .RepositoryConfigurationExtensionSupport : Spring Data MongoDB - Could not safely identify store assignment for repository candidate interface com.bankingManagement.BankingManagement_api.Repoistry.LoanReposistry; If you want this repository to be a MongoDB repository, consider annotating your entities with one of these annotations: org.springframework.data.mongodb.core.mapping.Document (preferred), or consider extending one of the following types with your repository: org.springframework.data.mongodb.repository.MongoRepository
2025-11-08T00:57:54.631+05:30  INFO 20352 --- [BankingManagement-api] [main] .s.d.r.c.RepositoryConfigurationDelegate : Finished Spring Data repository scanning in 12 ms. Found 0 MongoDB repository interfaces.
2025-11-08T00:57:55.598+05:30  INFO 20352 --- [BankingManagement-api] [main] o.s.b.w.embedded.tomcat.TomcatWebServer  : Tomcat initialized with port 9091 (http)
2025-11-08T00:57:55.619+05:30  INFO 20352 --- [BankingManagement-api] [main] o.apache.catalina.core.StandardService   : Starting service [Tomcat]
2025-11-08T00:57:55.620+05:30  INFO 20352 --- [BankingManagement-api] [main] o.apache.catalina.core.StandardEngine    : Starting Servlet engine: [Apache Tomcat/10.1.46]
2025-11-08T00:57:55.737+05:30  INFO 20352 --- [BankingManagement-api] [main] o.a.c.c.C.[Tomcat].[localhost].[/]       : Initializing Spring embedded WebApplicationContext
2025-11-08T00:57:55.738+05:30  INFO 20352 --- [BankingManagement-api] [main] w.s.c.ServletWebServerApplicationContext : Root WebApplicationContext: initialization completed in 3455 ms
2025-11-08T00:57:56.277+05:30  INFO 20352 --- [BankingManagement-api] [main] o.hibernate.jpa.internal.util.LogHelper  : HHH000204: Processing PersistenceUnitInfo [name: default]
2025-11-08T00:57:56.360+05:30  INFO 20352 --- [BankingManagement-api] [main] org.hibernate.Version                    : HHH000412: Hibernate ORM core version 6.6.29.Final
2025-11-08T00:57:56.420+05:30  INFO 20352 --- [BankingManagement-api] [main] o.h.c.internal.RegionFactoryInitiator    : HHH000026: Second-level cache disabled
2025-11-08T00:57:56.967+05:30  INFO 20352 --- [BankingManagement-api] [main] o.s.o.j.p.SpringPersistenceUnitInfo      : No LoadTimeWeaver setup: ignoring JPA class transformer
2025-11-08T00:57:57.016+05:30  INFO 20352 --- [BankingManagement-api] [main] com.zaxxer.hikari.HikariDataSource       : HikariPool-1 - Starting...
2025-11-08T00:57:57.381+05:30  INFO 20352 --- [BankingManagement-api] [main] com.zaxxer.hikari.pool.HikariPool        : HikariPool-1 - Added connection org.postgresql.jdbc.PgConnection@12270a01
2025-11-08T00:57:57.386+05:30  INFO 20352 --- [BankingManagement-api] [main] com.zaxxer.hikari.HikariDataSource       : HikariPool-1 - Start completed.
2025-11-08T00:57:57.492+05:30  INFO 20352 --- [BankingManagement-api] [main] org.hibernate.orm.connections.pooling    : HHH10001005: Database info:
	Database JDBC URL [Connecting through datasource 'HikariDataSource (HikariPool-1)']
	Database driver: undefined/unknown
	Database version: 17.6
	Autocommit mode: undefined/unknown
	Isolation level: undefined/unknown
	Minimum pool size: undefined/unknown
	Maximum pool size: undefined/unknown
2025-11-08T00:57:58.734+05:30  INFO 20352 --- [BankingManagement-api] [main] o.h.e.t.j.p.i.JtaPlatformInitiator       : HHH000489: No JTA platform available (set 'hibernate.transaction.jta.platform' to enable JTA platform integration)
2025-11-08T00:57:58.737+05:30  INFO 20352 --- [BankingManagement-api] [main] j.LocalContainerEntityManagerFactoryBean : Initialized JPA EntityManagerFactory for persistence unit 'default'
2025-11-08T00:57:59.534+05:30  WARN 20352 --- [BankingManagement-api] [main] JpaBaseConfiguration$JpaWebConfiguration : spring.jpa.open-in-view is enabled by default. Therefore, database queries may be performed during view rendering. Explicitly configure spring.jpa.open-in-view to disable this warning
2025-11-08T00:58:00.569+05:30  INFO 20352 --- [BankingManagement-api] [main] org.mongodb.driver.client                : MongoClient with metadata {"driver": {"name": "mongo-java-driver|sync|spring-boot", "version": "5.5.1"}, "os": {"type": "Windows", "name": "Windows 11", "architecture": "amd64", "version": "10.0"}, "platform": "Java/Microsoft/21.0.8+9-LTS"} created with settings MongoClientSettings{readPreference=primary, writeConcern=WriteConcern{w=null, wTimeout=null ms, journal=null}, retryWrites=true, retryReads=true, readConcern=ReadConcern{level=null}, credential=null, transportSettings=null, commandListeners=[io.micrometer.core.instrument.binder.mongodb.MongoMetricsCommandListener@796d0b43], codecRegistry=ProvidersCodecRegistry{codecProviders=[ValueCodecProvider{}, BsonValueCodecProvider{}, DBRefCodecProvider{}, DBObjectCodecProvider{}, DocumentCodecProvider{}, CollectionCodecProvider{}, IterableCodecProvider{}, MapCodecProvider{}, GeoJsonCodecProvider{}, GridFSFileCodecProvider{}, Jsr310CodecProvider{}, JsonObjectCodecProvider{}, BsonCodecProvider{}, EnumCodecProvider{}, com.mongodb.client.model.mql.ExpressionCodecProvider@18ac2dfe, com.mongodb.Jep395RecordCodecProvider@761d679f, com.mongodb.KotlinCodecProvider@a824f87]}, loggerSettings=LoggerSettings{maxDocumentLength=1000}, clusterSettings={hosts=[localhost:27017], srvServiceName=mongodb, mode=SINGLE, requiredClusterType=UNKNOWN, requiredReplicaSetName='null', serverSelector='null', clusterListeners='[]', serverSelectionTimeout='30000 ms', localThreshold='15 ms'}, socketSettings=SocketSettings{connectTimeoutMS=10000, readTimeoutMS=0, receiveBufferSize=0, proxySettings=ProxySettings{host=null, port=null, username=null, password=null}}, heartbeatSocketSettings=SocketSettings{connectTimeoutMS=10000, readTimeoutMS=10000, receiveBufferSize=0, proxySettings=ProxySettings{host=null, port=null, username=null, password=null}}, connectionPoolSettings=ConnectionPoolSettings{maxSize=100, minSize=0, maxWaitTimeMS=120000, maxConnectionLifeTimeMS=0, maxConnectionIdleTimeMS=0, maintenanceInitialDelayMS=0, maintenanceFrequencyMS=60000, connectionPoolListeners=[io.micrometer.core.instrument.binder.mongodb.MongoMetricsConnectionPoolListener@269a37bc], maxConnecting=2}, serverSettings=ServerSettings{heartbeatFrequencyMS=10000, minHeartbeatFrequencyMS=500, serverMonitoringMode=AUTO, serverListeners='[]', serverMonitorListeners='[]'}, sslSettings=SslSettings{enabled=false, invalidHostNameAllowed=false, context=null}, applicationName='null', compressorList=[], uuidRepresentation=JAVA_LEGACY, serverApi=null, autoEncryptionSettings=null, dnsClient=null, inetAddressResolver=null, contextProvider=null, timeoutMS=null}
2025-11-08T00:58:00.606+05:30  INFO 20352 --- [BankingManagement-api] [cluster-ClusterId{value='690e484083678d7aa0aef069', description='null'}-localhost:27017] org.mongodb.driver.cluster               : Monitor thread successfully connected to server with description ServerDescription{address=localhost:27017, type=STANDALONE, cryptd=false, state=CONNECTED, ok=true, minWireVersion=0, maxWireVersion=27, maxDocumentSize=16777216, logicalSessionTimeoutMinutes=30, roundTripTimeNanos=57449000, minRoundTripTimeNanos=0}
2025-11-08T00:58:01.216+05:30  INFO 20352 --- [BankingManagement-api] [main] o.s.b.a.e.web.EndpointLinksResolver      : Exposing 14 endpoints beneath base path '/actuator'
2025-11-08T00:58:01.390+05:30  INFO 20352 --- [BankingManagement-api] [main] o.s.b.w.embedded.tomcat.TomcatWebServer  : Tomcat started on port 9091 (http) with context path '/'
2025-11-08T00:58:01.422+05:30  INFO 20352 --- [BankingManagement-api] [main] c.b.B.BankingManagementApiApplication    : Started BankingManagementApiApplication in 10.095 seconds (process running for 11.004)
2025-11-08T00:58:01.667+05:30  INFO 20352 --- [BankingManagement-api] [main] c.b.B.BankingManagementApiApplication    : Application started successfully
2025-11-08T00:59:38.954+05:30  INFO 20352 --- [BankingManagement-api] [http-nio-9091-exec-2] o.a.c.c.C.[Tomcat].[localhost].[/]       : Initializing Spring DispatcherServlet 'dispatcherServlet'
2025-11-08T00:59:38.954+05:30  INFO 20352 --- [BankingManagement-api] [http-nio-9091-exec-2] o.s.web.servlet.DispatcherServlet        : Initializing Servlet 'dispatcherServlet'
2025-11-08T00:59:38.957+05:30  INFO 20352 --- [BankingManagement-api] [http-nio-9091-exec-2] o.s.web.servlet.DispatcherServlet        : Completed initialization in 2 ms
2025-11-08T00:59:39.088+05:30  INFO 20352 --- [BankingManagement-api] [http-nio-9091-exec-2] c.b.B.Service.LoanServiceImplmentation   : Deletion process started on the basis of loanType and loanAmount
2025-11-08T00:59:39.387+05:30 ERROR 20352 --- [BankingManagement-api] [http-nio-9091-exec-2] c.b.B.Controller.LoanController          : Some exception is occur during deletion of record
2025-11-08T01:00:12.092+05:30  INFO 30936 --- [BankingManagement-api] [main] c.b.B.BankingManagementApiApplication    : Starting BankingManagementApiApplication using Java 21.0.8 with PID 30936 (D:\Banking Management Aj=pi\BankingManagement-api\build\classes\java\main started by DELL in D:\Banking Management Aj=pi\BankingManagement-api)
2025-11-08T01:00:12.096+05:30  INFO 30936 --- [BankingManagement-api] [main] c.b.B.BankingManagementApiApplication    : The following 1 profile is active: "sit"
2025-11-08T01:00:14.508+05:30  INFO 30936 --- [BankingManagement-api] [main] .s.d.r.c.RepositoryConfigurationDelegate : Multiple Spring Data modules found, entering strict repository configuration mode
2025-11-08T01:00:14.513+05:30  INFO 30936 --- [BankingManagement-api] [main] .s.d.r.c.RepositoryConfigurationDelegate : Bootstrapping Spring Data JPA repositories in DEFAULT mode.
2025-11-08T01:00:14.719+05:30  INFO 30936 --- [BankingManagement-api] [main] .s.d.r.c.RepositoryConfigurationDelegate : Finished Spring Data repository scanning in 170 ms. Found 5 JPA repository interfaces.
2025-11-08T01:00:14.743+05:30  INFO 30936 --- [BankingManagement-api] [main] .s.d.r.c.RepositoryConfigurationDelegate : Multiple Spring Data modules found, entering strict repository configuration mode
2025-11-08T01:00:14.744+05:30  INFO 30936 --- [BankingManagement-api] [main] .s.d.r.c.RepositoryConfigurationDelegate : Bootstrapping Spring Data MongoDB repositories in DEFAULT mode.
2025-11-08T01:00:14.770+05:30  INFO 30936 --- [BankingManagement-api] [main] .RepositoryConfigurationExtensionSupport : Spring Data MongoDB - Could not safely identify store assignment for repository candidate interface com.bankingManagement.BankingManagement_api.Repoistry.AccountRepoistry; If you want this repository to be a MongoDB repository, consider annotating your entities with one of these annotations: org.springframework.data.mongodb.core.mapping.Document (preferred), or consider extending one of the following types with your repository: org.springframework.data.mongodb.repository.MongoRepository
2025-11-08T01:00:14.772+05:30  INFO 30936 --- [BankingManagement-api] [main] .RepositoryConfigurationExtensionSupport : Spring Data MongoDB - Could not safely identify store assignment for repository candidate interface com.bankingManagement.BankingManagement_api.Repoistry.BankRepoistry; If you want this repository to be a MongoDB repository, consider annotating your entities with one of these annotations: org.springframework.data.mongodb.core.mapping.Document (preferred), or consider extending one of the following types with your repository: org.springframework.data.mongodb.repository.MongoRepository
2025-11-08T01:00:14.773+05:30  INFO 30936 --- [BankingManagement-api] [main] .RepositoryConfigurationExtensionSupport : Spring Data MongoDB - Could not safely identify store assignment for repository candidate interface com.bankingManagement.BankingManagement_api.Repoistry.BranchReposistry; If you want this repository to be a MongoDB repository, consider annotating your entities with one of these annotations: org.springframework.data.mongodb.core.mapping.Document (preferred), or consider extending one of the following types with your repository: org.springframework.data.mongodb.repository.MongoRepository
2025-11-08T01:00:14.774+05:30  INFO 30936 --- [BankingManagement-api] [main] .RepositoryConfigurationExtensionSupport : Spring Data MongoDB - Could not safely identify store assignment for repository candidate interface com.bankingManagement.BankingManagement_api.Repoistry.CustomerReposistory; If you want this repository to be a MongoDB repository, consider annotating your entities with one of these annotations: org.springframework.data.mongodb.core.mapping.Document (preferred), or consider extending one of the following types with your repository: org.springframework.data.mongodb.repository.MongoRepository
2025-11-08T01:00:14.774+05:30  INFO 30936 --- [BankingManagement-api] [main] .RepositoryConfigurationExtensionSupport : Spring Data MongoDB - Could not safely identify store assignment for repository candidate interface com.bankingManagement.BankingManagement_api.Repoistry.LoanReposistry; If you want this repository to be a MongoDB repository, consider annotating your entities with one of these annotations: org.springframework.data.mongodb.core.mapping.Document (preferred), or consider extending one of the following types with your repository: org.springframework.data.mongodb.repository.MongoRepository
2025-11-08T01:00:14.774+05:30  INFO 30936 --- [BankingManagement-api] [main] .s.d.r.c.RepositoryConfigurationDelegate : Finished Spring Data repository scanning in 21 ms. Found 0 MongoDB repository interfaces.
2025-11-08T01:00:15.921+05:30  INFO 30936 --- [BankingManagement-api] [main] o.s.b.w.embedded.tomcat.TomcatWebServer  : Tomcat initialized with port 9091 (http)
2025-11-08T01:00:15.948+05:30  INFO 30936 --- [BankingManagement-api] [main] o.apache.catalina.core.StandardService   : Starting service [Tomcat]
2025-11-08T01:00:15.948+05:30  INFO 30936 --- [BankingManagement-api] [main] o.apache.catalina.core.StandardEngine    : Starting Servlet engine: [Apache Tomcat/10.1.46]
2025-11-08T01:00:16.083+05:30  INFO 30936 --- [BankingManagement-api] [main] o.a.c.c.C.[Tomcat].[localhost].[/]       : Initializing Spring embedded WebApplicationContext
2025-11-08T01:00:16.084+05:30  INFO 30936 --- [BankingManagement-api] [main] w.s.c.ServletWebServerApplicationContext : Root WebApplicationContext: initialization completed in 3896 ms
2025-11-08T01:00:16.740+05:30  INFO 30936 --- [BankingManagement-api] [main] o.hibernate.jpa.internal.util.LogHelper  : HHH000204: Processing PersistenceUnitInfo [name: default]
2025-11-08T01:00:16.886+05:30  INFO 30936 --- [BankingManagement-api] [main] org.hibernate.Version                    : HHH000412: Hibernate ORM core version 6.6.29.Final
2025-11-08T01:00:16.959+05:30  INFO 30936 --- [BankingManagement-api] [main] o.h.c.internal.RegionFactoryInitiator    : HHH000026: Second-level cache disabled
2025-11-08T01:00:17.429+05:30  INFO 30936 --- [BankingManagement-api] [main] o.s.o.j.p.SpringPersistenceUnitInfo      : No LoadTimeWeaver setup: ignoring JPA class transformer
2025-11-08T01:00:17.463+05:30  INFO 30936 --- [BankingManagement-api] [main] com.zaxxer.hikari.HikariDataSource       : HikariPool-1 - Starting...
2025-11-08T01:00:17.756+05:30  INFO 30936 --- [BankingManagement-api] [main] com.zaxxer.hikari.pool.HikariPool        : HikariPool-1 - Added connection org.postgresql.jdbc.PgConnection@7846913f
2025-11-08T01:00:17.759+05:30  INFO 30936 --- [BankingManagement-api] [main] com.zaxxer.hikari.HikariDataSource       : HikariPool-1 - Start completed.
2025-11-08T01:00:17.897+05:30  INFO 30936 --- [BankingManagement-api] [main] org.hibernate.orm.connections.pooling    : HHH10001005: Database info:
	Database JDBC URL [Connecting through datasource 'HikariDataSource (HikariPool-1)']
	Database driver: undefined/unknown
	Database version: 17.6
	Autocommit mode: undefined/unknown
	Isolation level: undefined/unknown
	Minimum pool size: undefined/unknown
	Maximum pool size: undefined/unknown
2025-11-08T01:00:19.366+05:30  INFO 30936 --- [BankingManagement-api] [main] o.h.e.t.j.p.i.JtaPlatformInitiator       : HHH000489: No JTA platform available (set 'hibernate.transaction.jta.platform' to enable JTA platform integration)
2025-11-08T01:00:19.369+05:30  INFO 30936 --- [BankingManagement-api] [main] j.LocalContainerEntityManagerFactoryBean : Initialized JPA EntityManagerFactory for persistence unit 'default'
2025-11-08T01:00:20.298+05:30  WARN 30936 --- [BankingManagement-api] [main] JpaBaseConfiguration$JpaWebConfiguration : spring.jpa.open-in-view is enabled by default. Therefore, database queries may be performed during view rendering. Explicitly configure spring.jpa.open-in-view to disable this warning
2025-11-08T01:00:21.337+05:30  INFO 30936 --- [BankingManagement-api] [main] org.mongodb.driver.client                : MongoClient with metadata {"driver": {"name": "mongo-java-driver|sync|spring-boot", "version": "5.5.1"}, "os": {"type": "Windows", "name": "Windows 11", "architecture": "amd64", "version": "10.0"}, "platform": "Java/Microsoft/21.0.8+9-LTS"} created with settings MongoClientSettings{readPreference=primary, writeConcern=WriteConcern{w=null, wTimeout=null ms, journal=null}, retryWrites=true, retryReads=true, readConcern=ReadConcern{level=null}, credential=null, transportSettings=null, commandListeners=[io.micrometer.core.instrument.binder.mongodb.MongoMetricsCommandListener@49a46f29], codecRegistry=ProvidersCodecRegistry{codecProviders=[ValueCodecProvider{}, BsonValueCodecProvider{}, DBRefCodecProvider{}, DBObjectCodecProvider{}, DocumentCodecProvider{}, CollectionCodecProvider{}, IterableCodecProvider{}, MapCodecProvider{}, GeoJsonCodecProvider{}, GridFSFileCodecProvider{}, Jsr310CodecProvider{}, JsonObjectCodecProvider{}, BsonCodecProvider{}, EnumCodecProvider{}, com.mongodb.client.model.mql.ExpressionCodecProvider@5f1d270a, com.mongodb.Jep395RecordCodecProvider@7d14efc, com.mongodb.KotlinCodecProvider@5180f430]}, loggerSettings=LoggerSettings{maxDocumentLength=1000}, clusterSettings={hosts=[localhost:27017], srvServiceName=mongodb, mode=SINGLE, requiredClusterType=UNKNOWN, requiredReplicaSetName='null', serverSelector='null', clusterListeners='[]', serverSelectionTimeout='30000 ms', localThreshold='15 ms'}, socketSettings=SocketSettings{connectTimeoutMS=10000, readTimeoutMS=0, receiveBufferSize=0, proxySettings=ProxySettings{host=null, port=null, username=null, password=null}}, heartbeatSocketSettings=SocketSettings{connectTimeoutMS=10000, readTimeoutMS=10000, receiveBufferSize=0, proxySettings=ProxySettings{host=null, port=null, username=null, password=null}}, connectionPoolSettings=ConnectionPoolSettings{maxSize=100, minSize=0, maxWaitTimeMS=120000, maxConnectionLifeTimeMS=0, maxConnectionIdleTimeMS=0, maintenanceInitialDelayMS=0, maintenanceFrequencyMS=60000, connectionPoolListeners=[io.micrometer.core.instrument.binder.mongodb.MongoMetricsConnectionPoolListener@12b34bd5], maxConnecting=2}, serverSettings=ServerSettings{heartbeatFrequencyMS=10000, minHeartbeatFrequencyMS=500, serverMonitoringMode=AUTO, serverListeners='[]', serverMonitorListeners='[]'}, sslSettings=SslSettings{enabled=false, invalidHostNameAllowed=false, context=null}, applicationName='null', compressorList=[], uuidRepresentation=JAVA_LEGACY, serverApi=null, autoEncryptionSettings=null, dnsClient=null, inetAddressResolver=null, contextProvider=null, timeoutMS=null}
2025-11-08T01:00:21.354+05:30  INFO 30936 --- [BankingManagement-api] [cluster-ClusterId{value='690e48cd413e8144ea0ec49f', description='null'}-localhost:27017] org.mongodb.driver.cluster               : Monitor thread successfully connected to server with description ServerDescription{address=localhost:27017, type=STANDALONE, cryptd=false, state=CONNECTED, ok=true, minWireVersion=0, maxWireVersion=27, maxDocumentSize=16777216, logicalSessionTimeoutMinutes=30, roundTripTimeNanos=42026600, minRoundTripTimeNanos=0}
2025-11-08T01:00:21.971+05:30  INFO 30936 --- [BankingManagement-api] [main] o.s.b.a.e.web.EndpointLinksResolver      : Exposing 14 endpoints beneath base path '/actuator'
2025-11-08T01:00:22.135+05:30  INFO 30936 --- [BankingManagement-api] [main] o.s.b.w.embedded.tomcat.TomcatWebServer  : Tomcat started on port 9091 (http) with context path '/'
2025-11-08T01:00:22.162+05:30  INFO 30936 --- [BankingManagement-api] [main] c.b.B.BankingManagementApiApplication    : Started BankingManagementApiApplication in 10.806 seconds (process running for 11.538)
2025-11-08T01:00:22.311+05:30  INFO 30936 --- [BankingManagement-api] [main] c.b.B.BankingManagementApiApplication    : Application started successfully
2025-11-08T01:00:28.959+05:30  INFO 30936 --- [BankingManagement-api] [http-nio-9091-exec-1] o.a.c.c.C.[Tomcat].[localhost].[/]       : Initializing Spring DispatcherServlet 'dispatcherServlet'
2025-11-08T01:00:28.959+05:30  INFO 30936 --- [BankingManagement-api] [http-nio-9091-exec-1] o.s.web.servlet.DispatcherServlet        : Initializing Servlet 'dispatcherServlet'
2025-11-08T01:00:28.962+05:30  INFO 30936 --- [BankingManagement-api] [http-nio-9091-exec-1] o.s.web.servlet.DispatcherServlet        : Completed initialization in 2 ms
2025-11-08T01:00:29.024+05:30  INFO 30936 --- [BankingManagement-api] [http-nio-9091-exec-1] c.b.B.Service.LoanServiceImplmentation   : Deletion process started on the basis of loanType and loanAmount
2025-11-08T01:00:29.330+05:30 ERROR 30936 --- [BankingManagement-api] [http-nio-9091-exec-1] c.b.B.Controller.LoanController          : Some exception is occur during deletion of record
2025-11-08T01:01:01.063+05:30  INFO 1708 --- [BankingManagement-api] [main] c.b.B.BankingManagementApiApplication    : Starting BankingManagementApiApplication using Java 21.0.8 with PID 1708 (D:\Banking Management Aj=pi\BankingManagement-api\build\classes\java\main started by DELL in D:\Banking Management Aj=pi\BankingManagement-api)
2025-11-08T01:01:01.069+05:30  INFO 1708 --- [BankingManagement-api] [main] c.b.B.BankingManagementApiApplication    : The following 1 profile is active: "sit"
2025-11-08T01:01:03.518+05:30  INFO 1708 --- [BankingManagement-api] [main] .s.d.r.c.RepositoryConfigurationDelegate : Multiple Spring Data modules found, entering strict repository configuration mode
2025-11-08T01:01:03.520+05:30  INFO 1708 --- [BankingManagement-api] [main] .s.d.r.c.RepositoryConfigurationDelegate : Bootstrapping Spring Data JPA repositories in DEFAULT mode.
2025-11-08T01:01:03.627+05:30  INFO 1708 --- [BankingManagement-api] [main] .s.d.r.c.RepositoryConfigurationDelegate : Finished Spring Data repository scanning in 91 ms. Found 5 JPA repository interfaces.
2025-11-08T01:01:03.639+05:30  INFO 1708 --- [BankingManagement-api] [main] .s.d.r.c.RepositoryConfigurationDelegate : Multiple Spring Data modules found, entering strict repository configuration mode
2025-11-08T01:01:03.640+05:30  INFO 1708 --- [BankingManagement-api] [main] .s.d.r.c.RepositoryConfigurationDelegate : Bootstrapping Spring Data MongoDB repositories in DEFAULT mode.
2025-11-08T01:01:03.653+05:30  INFO 1708 --- [BankingManagement-api] [main] .RepositoryConfigurationExtensionSupport : Spring Data MongoDB - Could not safely identify store assignment for repository candidate interface com.bankingManagement.BankingManagement_api.Repoistry.AccountRepoistry; If you want this repository to be a MongoDB repository, consider annotating your entities with one of these annotations: org.springframework.data.mongodb.core.mapping.Document (preferred), or consider extending one of the following types with your repository: org.springframework.data.mongodb.repository.MongoRepository
2025-11-08T01:01:03.653+05:30  INFO 1708 --- [BankingManagement-api] [main] .RepositoryConfigurationExtensionSupport : Spring Data MongoDB - Could not safely identify store assignment for repository candidate interface com.bankingManagement.BankingManagement_api.Repoistry.BankRepoistry; If you want this repository to be a MongoDB repository, consider annotating your entities with one of these annotations: org.springframework.data.mongodb.core.mapping.Document (preferred), or consider extending one of the following types with your repository: org.springframework.data.mongodb.repository.MongoRepository
2025-11-08T01:01:03.654+05:30  INFO 1708 --- [BankingManagement-api] [main] .RepositoryConfigurationExtensionSupport : Spring Data MongoDB - Could not safely identify store assignment for repository candidate interface com.bankingManagement.BankingManagement_api.Repoistry.BranchReposistry; If you want this repository to be a MongoDB repository, consider annotating your entities with one of these annotations: org.springframework.data.mongodb.core.mapping.Document (preferred), or consider extending one of the following types with your repository: org.springframework.data.mongodb.repository.MongoRepository
2025-11-08T01:01:03.654+05:30  INFO 1708 --- [BankingManagement-api] [main] .RepositoryConfigurationExtensionSupport : Spring Data MongoDB - Could not safely identify store assignment for repository candidate interface com.bankingManagement.BankingManagement_api.Repoistry.CustomerReposistory; If you want this repository to be a MongoDB repository, consider annotating your entities with one of these annotations: org.springframework.data.mongodb.core.mapping.Document (preferred), or consider extending one of the following types with your repository: org.springframework.data.mongodb.repository.MongoRepository
2025-11-08T01:01:03.655+05:30  INFO 1708 --- [BankingManagement-api] [main] .RepositoryConfigurationExtensionSupport : Spring Data MongoDB - Could not safely identify store assignment for repository candidate interface com.bankingManagement.BankingManagement_api.Repoistry.LoanReposistry; If you want this repository to be a MongoDB repository, consider annotating your entities with one of these annotations: org.springframework.data.mongodb.core.mapping.Document (preferred), or consider extending one of the following types with your repository: org.springframework.data.mongodb.repository.MongoRepository
2025-11-08T01:01:03.655+05:30  INFO 1708 --- [BankingManagement-api] [main] .s.d.r.c.RepositoryConfigurationDelegate : Finished Spring Data repository scanning in 12 ms. Found 0 MongoDB repository interfaces.
2025-11-08T01:01:04.517+05:30  INFO 1708 --- [BankingManagement-api] [main] o.s.b.w.embedded.tomcat.TomcatWebServer  : Tomcat initialized with port 9091 (http)
2025-11-08T01:01:04.537+05:30  INFO 1708 --- [BankingManagement-api] [main] o.apache.catalina.core.StandardService   : Starting service [Tomcat]
2025-11-08T01:01:04.538+05:30  INFO 1708 --- [BankingManagement-api] [main] o.apache.catalina.core.StandardEngine    : Starting Servlet engine: [Apache Tomcat/10.1.46]
2025-11-08T01:01:04.643+05:30  INFO 1708 --- [BankingManagement-api] [main] o.a.c.c.C.[Tomcat].[localhost].[/]       : Initializing Spring embedded WebApplicationContext
2025-11-08T01:01:04.643+05:30  INFO 1708 --- [BankingManagement-api] [main] w.s.c.ServletWebServerApplicationContext : Root WebApplicationContext: initialization completed in 3467 ms
2025-11-08T01:01:05.221+05:30  INFO 1708 --- [BankingManagement-api] [main] o.hibernate.jpa.internal.util.LogHelper  : HHH000204: Processing PersistenceUnitInfo [name: default]
2025-11-08T01:01:05.328+05:30  INFO 1708 --- [BankingManagement-api] [main] org.hibernate.Version                    : HHH000412: Hibernate ORM core version 6.6.29.Final
2025-11-08T01:01:05.397+05:30  INFO 1708 --- [BankingManagement-api] [main] o.h.c.internal.RegionFactoryInitiator    : HHH000026: Second-level cache disabled
2025-11-08T01:01:05.950+05:30  INFO 1708 --- [BankingManagement-api] [main] o.s.o.j.p.SpringPersistenceUnitInfo      : No LoadTimeWeaver setup: ignoring JPA class transformer
2025-11-08T01:01:06.021+05:30  INFO 1708 --- [BankingManagement-api] [main] com.zaxxer.hikari.HikariDataSource       : HikariPool-1 - Starting...
2025-11-08T01:01:06.435+05:30  INFO 1708 --- [BankingManagement-api] [main] com.zaxxer.hikari.pool.HikariPool        : HikariPool-1 - Added connection org.postgresql.jdbc.PgConnection@44106e25
2025-11-08T01:01:06.438+05:30  INFO 1708 --- [BankingManagement-api] [main] com.zaxxer.hikari.HikariDataSource       : HikariPool-1 - Start completed.
2025-11-08T01:01:06.576+05:30  INFO 1708 --- [BankingManagement-api] [main] org.hibernate.orm.connections.pooling    : HHH10001005: Database info:
	Database JDBC URL [Connecting through datasource 'HikariDataSource (HikariPool-1)']
	Database driver: undefined/unknown
	Database version: 17.6
	Autocommit mode: undefined/unknown
	Isolation level: undefined/unknown
	Minimum pool size: undefined/unknown
	Maximum pool size: undefined/unknown
2025-11-08T01:01:08.100+05:30  INFO 1708 --- [BankingManagement-api] [main] o.h.e.t.j.p.i.JtaPlatformInitiator       : HHH000489: No JTA platform available (set 'hibernate.transaction.jta.platform' to enable JTA platform integration)
2025-11-08T01:01:08.103+05:30  INFO 1708 --- [BankingManagement-api] [main] j.LocalContainerEntityManagerFactoryBean : Initialized JPA EntityManagerFactory for persistence unit 'default'
2025-11-08T01:01:09.095+05:30  WARN 1708 --- [BankingManagement-api] [main] JpaBaseConfiguration$JpaWebConfiguration : spring.jpa.open-in-view is enabled by default. Therefore, database queries may be performed during view rendering. Explicitly configure spring.jpa.open-in-view to disable this warning
2025-11-08T01:01:10.037+05:30  INFO 1708 --- [BankingManagement-api] [main] org.mongodb.driver.client                : MongoClient with metadata {"driver": {"name": "mongo-java-driver|sync|spring-boot", "version": "5.5.1"}, "os": {"type": "Windows", "name": "Windows 11", "architecture": "amd64", "version": "10.0"}, "platform": "Java/Microsoft/21.0.8+9-LTS"} created with settings MongoClientSettings{readPreference=primary, writeConcern=WriteConcern{w=null, wTimeout=null ms, journal=null}, retryWrites=true, retryReads=true, readConcern=ReadConcern{level=null}, credential=null, transportSettings=null, commandListeners=[io.micrometer.core.instrument.binder.mongodb.MongoMetricsCommandListener@4d79651d], codecRegistry=ProvidersCodecRegistry{codecProviders=[ValueCodecProvider{}, BsonValueCodecProvider{}, DBRefCodecProvider{}, DBObjectCodecProvider{}, DocumentCodecProvider{}, CollectionCodecProvider{}, IterableCodecProvider{}, MapCodecProvider{}, GeoJsonCodecProvider{}, GridFSFileCodecProvider{}, Jsr310CodecProvider{}, JsonObjectCodecProvider{}, BsonCodecProvider{}, EnumCodecProvider{}, com.mongodb.client.model.mql.ExpressionCodecProvider@77035caa, com.mongodb.Jep395RecordCodecProvider@18ac2dfe, com.mongodb.KotlinCodecProvider@761d679f]}, loggerSettings=LoggerSettings{maxDocumentLength=1000}, clusterSettings={hosts=[localhost:27017], srvServiceName=mongodb, mode=SINGLE, requiredClusterType=UNKNOWN, requiredReplicaSetName='null', serverSelector='null', clusterListeners='[]', serverSelectionTimeout='30000 ms', localThreshold='15 ms'}, socketSettings=SocketSettings{connectTimeoutMS=10000, readTimeoutMS=0, receiveBufferSize=0, proxySettings=ProxySettings{host=null, port=null, username=null, password=null}}, heartbeatSocketSettings=SocketSettings{connectTimeoutMS=10000, readTimeoutMS=10000, receiveBufferSize=0, proxySettings=ProxySettings{host=null, port=null, username=null, password=null}}, connectionPoolSettings=ConnectionPoolSettings{maxSize=100, minSize=0, maxWaitTimeMS=120000, maxConnectionLifeTimeMS=0, maxConnectionIdleTimeMS=0, maintenanceInitialDelayMS=0, maintenanceFrequencyMS=60000, connectionPoolListeners=[io.micrometer.core.instrument.binder.mongodb.MongoMetricsConnectionPoolListener@3a72b2c9], maxConnecting=2}, serverSettings=ServerSettings{heartbeatFrequencyMS=10000, minHeartbeatFrequencyMS=500, serverMonitoringMode=AUTO, serverListeners='[]', serverMonitorListeners='[]'}, sslSettings=SslSettings{enabled=false, invalidHostNameAllowed=false, context=null}, applicationName='null', compressorList=[], uuidRepresentation=JAVA_LEGACY, serverApi=null, autoEncryptionSettings=null, dnsClient=null, inetAddressResolver=null, contextProvider=null, timeoutMS=null}
2025-11-08T01:01:10.053+05:30  INFO 1708 --- [BankingManagement-api] [cluster-ClusterId{value='690e48fdb6b83846f1fc8514', description='null'}-localhost:27017] org.mongodb.driver.cluster               : Monitor thread successfully connected to server with description ServerDescription{address=localhost:27017, type=STANDALONE, cryptd=false, state=CONNECTED, ok=true, minWireVersion=0, maxWireVersion=27, maxDocumentSize=16777216, logicalSessionTimeoutMinutes=30, roundTripTimeNanos=27753300, minRoundTripTimeNanos=0}
2025-11-08T01:01:10.582+05:30  INFO 1708 --- [BankingManagement-api] [main] o.s.b.a.e.web.EndpointLinksResolver      : Exposing 14 endpoints beneath base path '/actuator'
2025-11-08T01:01:10.719+05:30  INFO 1708 --- [BankingManagement-api] [main] o.s.b.w.embedded.tomcat.TomcatWebServer  : Tomcat started on port 9091 (http) with context path '/'
2025-11-08T01:01:10.738+05:30  INFO 1708 --- [BankingManagement-api] [main] c.b.B.BankingManagementApiApplication    : Started BankingManagementApiApplication in 10.742 seconds (process running for 11.728)
2025-11-08T01:01:10.859+05:30  INFO 1708 --- [BankingManagement-api] [main] c.b.B.BankingManagementApiApplication    : Application started successfully
2025-11-08T01:02:50.814+05:30  INFO 1708 --- [BankingManagement-api] [http-nio-9091-exec-1] o.a.c.c.C.[Tomcat].[localhost].[/]       : Initializing Spring DispatcherServlet 'dispatcherServlet'
2025-11-08T01:02:50.814+05:30  INFO 1708 --- [BankingManagement-api] [http-nio-9091-exec-1] o.s.web.servlet.DispatcherServlet        : Initializing Servlet 'dispatcherServlet'
2025-11-08T01:02:50.817+05:30  INFO 1708 --- [BankingManagement-api] [http-nio-9091-exec-1] o.s.web.servlet.DispatcherServlet        : Completed initialization in 2 ms
2025-11-08T01:02:50.967+05:30  INFO 1708 --- [BankingManagement-api] [http-nio-9091-exec-1] c.b.B.Service.LoanServiceImplmentation   : Deletion process started on the basis of loanType and loanAmount
2025-11-08T01:02:51.295+05:30  INFO 1708 --- [BankingManagement-api] [http-nio-9091-exec-1] c.b.B.Controller.LoanController          : Deletion of data is succesffully done
2025-11-08T01:09:49.089+05:30  INFO 13912 --- [BankingManagement-api] [main] c.b.B.BankingManagementApiApplication    : Starting BankingManagementApiApplication using Java 21.0.8 with PID 13912 (D:\Banking Management Aj=pi\BankingManagement-api\build\classes\java\main started by DELL in D:\Banking Management Aj=pi\BankingManagement-api)
2025-11-08T01:09:49.095+05:30  INFO 13912 --- [BankingManagement-api] [main] c.b.B.BankingManagementApiApplication    : The following 1 profile is active: "sit"
2025-11-08T01:09:50.865+05:30  INFO 13912 --- [BankingManagement-api] [main] .s.d.r.c.RepositoryConfigurationDelegate : Multiple Spring Data modules found, entering strict repository configuration mode
2025-11-08T01:09:50.867+05:30  INFO 13912 --- [BankingManagement-api] [main] .s.d.r.c.RepositoryConfigurationDelegate : Bootstrapping Spring Data JPA repositories in DEFAULT mode.
2025-11-08T01:09:50.966+05:30  INFO 13912 --- [BankingManagement-api] [main] .s.d.r.c.RepositoryConfigurationDelegate : Finished Spring Data repository scanning in 77 ms. Found 5 JPA repository interfaces.
2025-11-08T01:09:50.983+05:30  INFO 13912 --- [BankingManagement-api] [main] .s.d.r.c.RepositoryConfigurationDelegate : Multiple Spring Data modules found, entering strict repository configuration mode
2025-11-08T01:09:50.984+05:30  INFO 13912 --- [BankingManagement-api] [main] .s.d.r.c.RepositoryConfigurationDelegate : Bootstrapping Spring Data MongoDB repositories in DEFAULT mode.
2025-11-08T01:09:50.996+05:30  INFO 13912 --- [BankingManagement-api] [main] .RepositoryConfigurationExtensionSupport : Spring Data MongoDB - Could not safely identify store assignment for repository candidate interface com.bankingManagement.BankingManagement_api.Repoistry.AccountRepoistry; If you want this repository to be a MongoDB repository, consider annotating your entities with one of these annotations: org.springframework.data.mongodb.core.mapping.Document (preferred), or consider extending one of the following types with your repository: org.springframework.data.mongodb.repository.MongoRepository
2025-11-08T01:09:50.998+05:30  INFO 13912 --- [BankingManagement-api] [main] .RepositoryConfigurationExtensionSupport : Spring Data MongoDB - Could not safely identify store assignment for repository candidate interface com.bankingManagement.BankingManagement_api.Repoistry.BankRepoistry; If you want this repository to be a MongoDB repository, consider annotating your entities with one of these annotations: org.springframework.data.mongodb.core.mapping.Document (preferred), or consider extending one of the following types with your repository: org.springframework.data.mongodb.repository.MongoRepository
2025-11-08T01:09:50.999+05:30  INFO 13912 --- [BankingManagement-api] [main] .RepositoryConfigurationExtensionSupport : Spring Data MongoDB - Could not safely identify store assignment for repository candidate interface com.bankingManagement.BankingManagement_api.Repoistry.BranchReposistry; If you want this repository to be a MongoDB repository, consider annotating your entities with one of these annotations: org.springframework.data.mongodb.core.mapping.Document (preferred), or consider extending one of the following types with your repository: org.springframework.data.mongodb.repository.MongoRepository
2025-11-08T01:09:50.999+05:30  INFO 13912 --- [BankingManagement-api] [main] .RepositoryConfigurationExtensionSupport : Spring Data MongoDB - Could not safely identify store assignment for repository candidate interface com.bankingManagement.BankingManagement_api.Repoistry.CustomerReposistory; If you want this repository to be a MongoDB repository, consider annotating your entities with one of these annotations: org.springframework.data.mongodb.core.mapping.Document (preferred), or consider extending one of the following types with your repository: org.springframework.data.mongodb.repository.MongoRepository
2025-11-08T01:09:50.999+05:30  INFO 13912 --- [BankingManagement-api] [main] .RepositoryConfigurationExtensionSupport : Spring Data MongoDB - Could not safely identify store assignment for repository candidate interface com.bankingManagement.BankingManagement_api.Repoistry.LoanReposistry; If you want this repository to be a MongoDB repository, consider annotating your entities with one of these annotations: org.springframework.data.mongodb.core.mapping.Document (preferred), or consider extending one of the following types with your repository: org.springframework.data.mongodb.repository.MongoRepository
2025-11-08T01:09:50.999+05:30  INFO 13912 --- [BankingManagement-api] [main] .s.d.r.c.RepositoryConfigurationDelegate : Finished Spring Data repository scanning in 13 ms. Found 0 MongoDB repository interfaces.
